# JRE version: Java(TM) SE Runtime Environment (8.0_20-b26) (build 1.8.0_20-b26)
# Java VM: Java HotSpot(TM) Client VM (25.20-b23 mixed mode windows-x86 )
Heap:
 def new generation   total 4928K, used 1074K [0x03e00000, 0x04350000, 0x09350000)
  eden space 4416K,  22% used [0x03e00000, 0x03efb468, 0x04250000)
  from space 512K,  13% used [0x042d0000, 0x042e13f0, 0x04350000)
  to   space 512K,   0% used [0x04250000, 0x04250000, 0x042d0000)
 tenured generation   total 10944K, used 9861K [0x09350000, 0x09e00000, 0x13e00000)
   the space 10944K,  90% used [0x09350000, 0x09cf1480, 0x09cf1600, 0x09e00000)
 Metaspace       used 10921K, capacity 11035K, committed 11136K, reserved 11648K
GC Heap History (10 events):
Event: 4.545 GC heap before
{Heap before GC invocations=6 (full 0):
 def new generation   total 4928K, used 4928K [0x03e00000, 0x04350000, 0x09350000)
  eden space 4416K, 100% used [0x03e00000, 0x04250000, 0x04250000)
  from space 512K, 100% used [0x04250000, 0x042d0000, 0x042d0000)
  to   space 512K,   0% used [0x042d0000, 0x042d0000, 0x04350000)
 tenured generation   total 10944K, used 5882K [0x09350000, 0x09e00000, 0x13e00000)
   the space 10944K,  53% used [0x09350000, 0x0990e890, 0x0990ea00, 0x09e00000)
 Metaspace       used 9653K, capacity 9772K, committed 9856K, reserved 10624K
Event: 4.548 GC heap after
Heap after GC invocations=7 (full 0):
 def new generation   total 4928K, used 511K [0x03e00000, 0x04350000, 0x09350000)
  eden space 4416K,   0% used [0x03e00000, 0x03e00000, 0x04250000)
  from space 512K,  99% used [0x042d0000, 0x0434fff8, 0x04350000)
  to   space 512K,   0% used [0x04250000, 0x04250000, 0x042d0000)
 tenured generation   total 10944K, used 6974K [0x09350000, 0x09e00000, 0x13e00000)
   the space 10944K,  63% used [0x09350000, 0x09a1f9c0, 0x09a1fa00, 0x09e00000)
 Metaspace       used 9653K, capacity 9772K, committed 9856K, reserved 10624K
}
Event: 12.456 GC heap before
{Heap before GC invocations=7 (full 0):
 def new generation   total 4928K, used 4926K [0x03e00000, 0x04350000, 0x09350000)
  eden space 4416K,  99% used [0x03e00000, 0x0424f8b8, 0x04250000)
  from space 512K,  99% used [0x042d0000, 0x0434fff8, 0x04350000)
  to   space 512K,   0% used [0x04250000, 0x04250000, 0x042d0000)
 tenured generation   total 10944K, used 6974K [0x09350000, 0x09e00000, 0x13e00000)
   the space 10944K,  63% used [0x09350000, 0x09a1f9c0, 0x09a1fa00, 0x09e00000)
 Metaspace       used 10229K, capacity 10356K, committed 10496K, reserved 10624K
Event: 12.460 GC heap after
Heap after GC invocations=8 (full 0):
 def new generation   total 4928K, used 512K [0x03e00000, 0x04350000, 0x09350000)
  eden space 4416K,   0% used [0x03e00000, 0x03e00000, 0x04250000)
  from space 512K, 100% used [0x04250000, 0x042d0000, 0x042d0000)
  to   space 512K,   0% used [0x042d0000, 0x042d0000, 0x04350000)
 tenured generation   total 10944K, used 7598K [0x09350000, 0x09e00000, 0x13e00000)
   the space 10944K,  69% used [0x09350000, 0x09abbaf8, 0x09abbc00, 0x09e00000)
 Metaspace       used 10229K, capacity 10356K, committed 10496K, reserved 10624K
}
Event: 15.206 GC heap before
{Heap before GC invocations=8 (full 0):
 def new generation   total 4928K, used 4928K [0x03e00000, 0x04350000, 0x09350000)
  eden space 4416K, 100% used [0x03e00000, 0x04250000, 0x04250000)
  from space 512K, 100% used [0x04250000, 0x042d0000, 0x042d0000)
  to   space 512K,   0% used [0x042d0000, 0x042d0000, 0x04350000)
 tenured generation   total 10944K, used 7598K [0x09350000, 0x09e00000, 0x13e00000)
   the space 10944K,  69% used [0x09350000, 0x09abbaf8, 0x09abbc00, 0x09e00000)
 Metaspace       used 10761K, capacity 10907K, committed 11008K, reserved 11648K
Event: 15.209 GC heap after
Heap after GC invocations=9 (full 0):
 def new generation   total 4928K, used 512K [0x03e00000, 0x04350000, 0x09350000)
  eden space 4416K,   0% used [0x03e00000, 0x03e00000, 0x04250000)
  from space 512K, 100% used [0x042d0000, 0x04350000, 0x04350000)
  to   space 512K,   0% used [0x04250000, 0x04250000, 0x042d0000)
 tenured generation   total 10944K, used 7929K [0x09350000, 0x09e00000, 0x13e00000)
   the space 10944K,  72% used [0x09350000, 0x09b0e6d0, 0x09b0e800, 0x09e00000)
 Metaspace       used 10761K, capacity 10907K, committed 11008K, reserved 11648K
}
Event: 15.823 GC heap before
{Heap before GC invocations=9 (full 0):
 def new generation   total 4928K, used 4900K [0x03e00000, 0x04350000, 0x09350000)
  eden space 4416K,  99% used [0x03e00000, 0x042493e8, 0x04250000)
  from space 512K, 100% used [0x042d0000, 0x04350000, 0x04350000)
  to   space 512K,   0% used [0x04250000, 0x04250000, 0x042d0000)
 tenured generation   total 10944K, used 7929K [0x09350000, 0x09e00000, 0x13e00000)
   the space 10944K,  72% used [0x09350000, 0x09b0e6d0, 0x09b0e800, 0x09e00000)
 Metaspace       used 10900K, capacity 11035K, committed 11136K, reserved 11648K
Event: 15.825 GC heap after
Heap after GC invocations=10 (full 0):
 def new generation   total 4928K, used 181K [0x03e00000, 0x04350000, 0x09350000)
  eden space 4416K,   0% used [0x03e00000, 0x03e00000, 0x04250000)
  from space 512K,  35% used [0x04250000, 0x0427d420, 0x042d0000)
  to   space 512K,   0% used [0x042d0000, 0x042d0000, 0x04350000)
 tenured generation   total 10944K, used 8961K [0x09350000, 0x09e00000, 0x13e00000)
   the space 10944K,  81% used [0x09350000, 0x09c10470, 0x09c10600, 0x09e00000)
 Metaspace       used 10900K, capacity 11035K, committed 11136K, reserved 11648K
}
Event: 16.448 GC heap before
{Heap before GC invocations=10 (full 0):
 def new generation   total 4928K, used 3951K [0x03e00000, 0x04350000, 0x09350000)
  eden space 4416K,  85% used [0x03e00000, 0x041ae810, 0x04250000)
  from space 512K,  35% used [0x04250000, 0x0427d420, 0x042d0000)
  to   space 512K,   0% used [0x042d0000, 0x042d0000, 0x04350000)
 tenured generation   total 10944K, used 8961K [0x09350000, 0x09e00000, 0x13e00000)
   the space 10944K,  81% used [0x09350000, 0x09c10470, 0x09c10600, 0x09e00000)
 Metaspace       used 10921K, capacity 11035K, committed 11136K, reserved 11648K
Event: 16.450 GC heap after
Heap after GC invocations=11 (full 0):
 def new generation   total 4928K, used 68K [0x03e00000, 0x04350000, 0x09350000)
  eden space 4416K,   0% used [0x03e00000, 0x03e00000, 0x04250000)
  from space 512K,  13% used [0x042d0000, 0x042e13f0, 0x04350000)
  to   space 512K,   0% used [0x04250000, 0x04250000, 0x042d0000)
 tenured generation   total 10944K, used 9861K [0x09350000, 0x09e00000, 0x13e00000)
   the space 10944K,  90% used [0x09350000, 0x09cf1480, 0x09cf1600, 0x09e00000)
 Metaspace       used 10921K, capacity 11035K, committed 11136K, reserved 11648K
}

